<?xml version="1.0"?>
<!--Phoronix Test Suite v5.2.1 (Khanino)-->
<?xml-stylesheet type="text/xsl" href="pts-results-viewer.xsl"?>
<PhoronixTestSuite>
  <Result>
    <Identifier>pts/ffmpeg-2.7.0</Identifier>
    <Title>FFmpeg</Title>
    <AppVersion>3.4.1</AppVersion>
    <Arguments></Arguments>
    <Description>H.264 HD To NTSC DV</Description>
    <Scale>Seconds</Scale>
    <Proportion>LIB</Proportion>
    <DisplayFormat>BAR_GRAPH</DisplayFormat>
    <Data>
      <Entry>
        <Identifier>Intel Core i5-2400</Identifier>
        <Value>15.79</Value>
        <RawString>15.912612915039:15.804315090179:15.643637180328</RawString>
        <JSON>{"compiler-options":{"compiler-type":"CC","compiler":"gcc","compiler-options":"-lavdevice -lavfilter -lavformat -lavcodec -lswresample -lswscale -lavutil -lm -ldl -pthread -std=c11 -fomit-frame-pointer -O3 -fno-math-errno -fno-signed-zeros -fno-tree-vectorize -MMD -MF -MT"}}</JSON>
      </Entry>
    </Data>
  </Result>
</PhoronixTestSuite>
